Using pre-set license
Built from '2020.3/staging' branch; Version is '2020.3.13f1 (71691879b7f5) revision 7432472'; Using compiler version '192528614'; Build Type 'Release'
OS: 'Windows 10 Pro; OS build 19042.1165; Version 2009; 64bit' Language: 'ko' Physical Memory: 16163 MB
BatchMode: 1, IsHumanControllingUs: 0, StartBugReporterOnCrash: 0, Is64bit: 1, IsPro: 0

 COMMAND LINE ARGUMENTS:
C:\Program Files\Unity\Hub\Editor\2020.3.13f1\Editor\Unity.exe
-adb2
-batchMode
-noUpm
-name
AssetImportWorker0
-projectPath
C:/Users/user/OneDrive/바탕 화면/Unity_명직/FpsGame
-logFile
Logs/AssetImportWorker0.log
-srvPort
64852
Successfully changed project path to: C:/Users/user/OneDrive/바탕 화면/Unity_명직/FpsGame
C:/Users/user/OneDrive/바탕 화면/Unity_명직/FpsGame
Using Asset Import Pipeline V2.
Refreshing native plugins compatible for Editor in 28.91 ms, found 2 plugins.
Preloading 0 native plugins for Editor in 0.00 ms.
Initialize engine version: 2020.3.13f1 (71691879b7f5)
[Subsystems] Discovering subsystems at path C:/Program Files/Unity/Hub/Editor/2020.3.13f1/Editor/Data/Resources/UnitySubsystems
[Subsystems] Discovering subsystems at path C:/Users/user/OneDrive/바탕 화면/Unity_명직/FpsGame/Assets
GfxDevice: creating device client; threaded=0
Direct3D:
    Version:  Direct3D 11.0 [level 11.1]
    Renderer: Intel(R) UHD Graphics (ID=0x9b41)
    Vendor:   
    VRAM:     8081 MB
    Driver:   26.20.100.7463
Initialize mono
Mono path[0] = 'C:/Program Files/Unity/Hub/Editor/2020.3.13f1/Editor/Data/Managed'
Mono path[1] = 'C:/Program Files/Unity/Hub/Editor/2020.3.13f1/Editor/Data/MonoBleedingEdge/lib/mono/unityjit'
Mono config path = 'C:/Program Files/Unity/Hub/Editor/2020.3.13f1/Editor/Data/MonoBleedingEdge/etc'
Using monoOptions --debugger-agent=transport=dt_socket,embedding=1,server=y,suspend=n,address=127.0.0.1:56120
Begin MonoManager ReloadAssembly
Registering precompiled unity dll's ...
Register platform support module: C:/Program Files/Unity/Hub/Editor/2020.3.13f1/Editor/Data/PlaybackEngines/WindowsStandaloneSupport/UnityEditor.WindowsStandalone.Extensions.dll
Registered in 0.001932 seconds.
Native extension for WindowsStandalone target not found
Refreshing native plugins compatible for Editor in 33.88 ms, found 2 plugins.
Preloading 0 native plugins for Editor in 0.00 ms.
Mono: successfully reloaded assembly
- Completed reload, in  1.899 seconds
Platform modules already initialized, skipping
Registering precompiled user dll's ...
Registered in 0.003812 seconds.
Begin MonoManager ReloadAssembly
Native extension for WindowsStandalone target not found
Refreshing native plugins compatible for Editor in 0.55 ms, found 2 plugins.
Preloading 0 native plugins for Editor in 0.00 ms.
Mono: successfully reloaded assembly
- Completed reload, in  1.063 seconds
Platform modules already initialized, skipping
========================================================================
Worker process is ready to serve import requests
Launched and connected shader compiler UnityShaderCompiler.exe after 0.06 seconds
Refreshing native plugins compatible for Editor in 0.34 ms, found 2 plugins.
Preloading 0 native plugins for Editor in 0.00 ms.
Unloading 1407 Unused Serialized files (Serialized files now loaded: 0)
System memory in use before: 68.7 MB.
System memory in use after: 68.8 MB.

Unloading 19 unused Assets to reduce memory usage. Loaded Objects now: 1845.
Total: 2.582100 ms (FindLiveObjects: 0.158800 ms CreateObjectMapping: 0.036900 ms MarkObjects: 2.259600 ms  DeleteObjects: 0.126100 ms)

AssetImportParameters requested are different than current active one (requested -> active):
  custom:framework-win-MediaFoundation: 216162199b28c13a410421893ffa2e32 -> 
  custom:video-decoder-ogg-theora: a1e56fd34408186e4bbccfd4996cb3dc -> 
  custom:container-muxer-webm: aa71ff27fc2769a1b78a27578f13a17b -> 
  custom:container-demuxer-webm: 4f35f7cbe854078d1ac9338744f61a02 -> 
  custom:container-demuxer-ogg: 62fdf1f143b41e24485cea50d1cbac27 -> 
  custom:video-encoder-webm-vp8: eb34c28f22e8b96e1ab97ce403110664 -> 
  custom:video-decoder-webm-vp8: 9c59270c3fd7afecdb556c50c9e8de78 -> 
  custom:audio-decoder-ogg-vorbis: bf7c407c2cedff20999df2af8eb42d56 -> 
  custom:audio-encoder-webm-vorbis: bf7c407c2cedff20999df2af8eb42d56 -> 
========================================================================
Received Import Request.
  path: Assets/Easy FPS/Model_Animations_Textures/main character
  artifactKey: Guid(1433ee16f7924b14f9fc7311ecf3c113) Importer(815301076,1909f56bfc062723c751e8b465ee728b)
Start importing Assets/Easy FPS/Model_Animations_Textures/main character using Guid(1433ee16f7924b14f9fc7311ecf3c113) Importer(815301076,1909f56bfc062723c751e8b465ee728b)  -> (artifact id: 'f4571630ccfc9d0ea98a1ccf8e075c0a') in 0.010846 seconds 
  Import took 0.013507 seconds .

========================================================================
Received Import Request.
  Time since last request: 0.000305 seconds.
  path: Assets/Easy FPS/Model_Animations_Textures/ironSight_addon
  artifactKey: Guid(f68ee829c30574b7584cdbe75b66450b) Importer(815301076,1909f56bfc062723c751e8b465ee728b)
Start importing Assets/Easy FPS/Model_Animations_Textures/ironSight_addon using Guid(f68ee829c30574b7584cdbe75b66450b) Importer(815301076,1909f56bfc062723c751e8b465ee728b)  -> (artifact id: 'b157687712d03c500809a0859aaf51fc') in 0.012108 seconds 
  Import took 0.015049 seconds .

========================================================================
Received Prepare
Refreshing native plugins compatible for Editor in 2.77 ms, found 2 plugins.
Preloading 0 native plugins for Editor in 0.00 ms.
Unloading 12 Unused Serialized files (Serialized files now loaded: 0)
System memory in use before: 41.0 MB.
System memory in use after: 41.1 MB.

Unloading 12 unused Assets to reduce memory usage. Loaded Objects now: 1845.
Total: 2.469400 ms (FindLiveObjects: 0.137900 ms CreateObjectMapping: 0.056800 ms MarkObjects: 2.193300 ms  DeleteObjects: 0.080700 ms)

AssetImportParameters requested are different than current active one (requested -> active):
  custom:framework-win-MediaFoundation: 216162199b28c13a410421893ffa2e32 -> 
  custom:video-decoder-ogg-theora: a1e56fd34408186e4bbccfd4996cb3dc -> 
  custom:container-muxer-webm: aa71ff27fc2769a1b78a27578f13a17b -> 
  custom:container-demuxer-webm: 4f35f7cbe854078d1ac9338744f61a02 -> 
  custom:container-demuxer-ogg: 62fdf1f143b41e24485cea50d1cbac27 -> 
  custom:video-encoder-webm-vp8: eb34c28f22e8b96e1ab97ce403110664 -> 
  custom:video-decoder-webm-vp8: 9c59270c3fd7afecdb556c50c9e8de78 -> 
  custom:audio-decoder-ogg-vorbis: bf7c407c2cedff20999df2af8eb42d56 -> 
  custom:audio-encoder-webm-vorbis: bf7c407c2cedff20999df2af8eb42d56 -> 
========================================================================
Received Import Request.
  Time since last request: 493.864216 seconds.
  path: Assets/Easy FPS/MuzzelFlash/Textures/Muzzle05.png
  artifactKey: Guid(d6d816f89e5c56d43b75fb6c0cdecc48) Importer(815301076,1909f56bfc062723c751e8b465ee728b)
Start importing Assets/Easy FPS/MuzzelFlash/Textures/Muzzle05.png using Guid(d6d816f89e5c56d43b75fb6c0cdecc48) Importer(815301076,1909f56bfc062723c751e8b465ee728b)  -> (artifact id: '25f1e2ad9899cbed5a04864b6818e0e1') in 0.149902 seconds 
  Import took 0.153807 seconds .

========================================================================
Received Import Request.
  Time since last request: 0.790648 seconds.
  path: Assets/Easy FPS/MuzzelFlash/Textures/Muzzle01.png
  artifactKey: Guid(6033696e53fde0c448ca7f63cf5b9d51) Importer(815301076,1909f56bfc062723c751e8b465ee728b)
Start importing Assets/Easy FPS/MuzzelFlash/Textures/Muzzle01.png using Guid(6033696e53fde0c448ca7f63cf5b9d51) Importer(815301076,1909f56bfc062723c751e8b465ee728b)  -> (artifact id: '9f4b92ad14a3236c82e3378f54c0f3f6') in 0.018148 seconds 
  Import took 0.022517 seconds .

========================================================================
Received Import Request.
  Time since last request: 0.012650 seconds.
  path: Assets/Easy FPS/MuzzelFlash/Textures/Muzzle01.png
  artifactKey: Guid(6033696e53fde0c448ca7f63cf5b9d51) Importer(815301076,1909f56bfc062723c751e8b465ee728b)
Start importing Assets/Easy FPS/MuzzelFlash/Textures/Muzzle01.png using Guid(6033696e53fde0c448ca7f63cf5b9d51) Importer(815301076,1909f56bfc062723c751e8b465ee728b)  -> (artifact id: '9f4b92ad14a3236c82e3378f54c0f3f6') in 0.017526 seconds 
  Import took 0.020770 seconds .

========================================================================
Received Import Request.
  Time since last request: 9.248495 seconds.
  path: Assets/Easy FPS/MuzzelFlash/Textures/Muzzle03.png
  artifactKey: Guid(915dfbc7e0147994c8a81cfef125f1a9) Importer(815301076,1909f56bfc062723c751e8b465ee728b)
Start importing Assets/Easy FPS/MuzzelFlash/Textures/Muzzle03.png using Guid(915dfbc7e0147994c8a81cfef125f1a9) Importer(815301076,1909f56bfc062723c751e8b465ee728b)  -> (artifact id: 'c40aee31f5e7537b3222f712107b376e') in 0.023630 seconds 
  Import took 0.027534 seconds .

========================================================================
Received Import Request.
  Time since last request: 6.952305 seconds.
  path: Assets/Easy FPS/MuzzelFlash/MuzzlePrefabs/muzzelFlash 04.prefab
  artifactKey: Guid(29d86feb88bf925428f9d7de6d4b401f) Importer(815301076,1909f56bfc062723c751e8b465ee728b)
Start importing Assets/Easy FPS/MuzzelFlash/MuzzlePrefabs/muzzelFlash 04.prefab using Guid(29d86feb88bf925428f9d7de6d4b401f) Importer(815301076,1909f56bfc062723c751e8b465ee728b)  -> (artifact id: '24cd2bd212cd611a68c98d85ef2410dc') in 0.078509 seconds 
  Import took 0.081686 seconds .

========================================================================
Received Import Request.
  Time since last request: 8373.243784 seconds.
  path: Assets/Easy FPS/MuzzelFlash/MuzzlePrefabs/muzzelFlash 02.prefab
  artifactKey: Guid(487eef9aff9d0f543836d5af5ab26430) Importer(815301076,1909f56bfc062723c751e8b465ee728b)
Start importing Assets/Easy FPS/MuzzelFlash/MuzzlePrefabs/muzzelFlash 02.prefab using Guid(487eef9aff9d0f543836d5af5ab26430) Importer(815301076,1909f56bfc062723c751e8b465ee728b)  -> (artifact id: 'c2b458c3d8605bdd9fb0f56bec667aef') in 0.028415 seconds 
  Import took 0.034829 seconds .

========================================================================
Received Prepare
Registering precompiled user dll's ...
Registered in 0.004276 seconds.
Begin MonoManager ReloadAssembly
Native extension for WindowsStandalone target not found
Refreshing native plugins compatible for Editor in 0.58 ms, found 2 plugins.
Preloading 0 native plugins for Editor in 0.00 ms.
Mono: successfully reloaded assembly
- Completed reload, in  1.346 seconds
Platform modules already initialized, skipping
Refreshing native plugins compatible for Editor in 0.39 ms, found 2 plugins.
Preloading 0 native plugins for Editor in 0.00 ms.
Unloading 1402 Unused Serialized files (Serialized files now loaded: 0)
System memory in use before: 71.8 MB.
System memory in use after: 71.9 MB.

Unloading 14 unused Assets to reduce memory usage. Loaded Objects now: 1857.
Total: 2.416700 ms (FindLiveObjects: 0.252900 ms CreateObjectMapping: 0.048000 ms MarkObjects: 2.012400 ms  DeleteObjects: 0.102100 ms)

AssetImportParameters requested are different than current active one (requested -> active):
  custom:framework-win-MediaFoundation: 216162199b28c13a410421893ffa2e32 -> 
  custom:video-decoder-ogg-theora: a1e56fd34408186e4bbccfd4996cb3dc -> 
  custom:container-muxer-webm: aa71ff27fc2769a1b78a27578f13a17b -> 
  custom:container-demuxer-webm: 4f35f7cbe854078d1ac9338744f61a02 -> 
  custom:container-demuxer-ogg: 62fdf1f143b41e24485cea50d1cbac27 -> 
  custom:video-encoder-webm-vp8: eb34c28f22e8b96e1ab97ce403110664 -> 
  custom:video-decoder-webm-vp8: 9c59270c3fd7afecdb556c50c9e8de78 -> 
  custom:audio-decoder-ogg-vorbis: bf7c407c2cedff20999df2af8eb42d56 -> 
  custom:audio-encoder-webm-vorbis: bf7c407c2cedff20999df2af8eb42d56 -> 
========================================================================
Received Prepare
Registering precompiled user dll's ...
Registered in 0.004079 seconds.
Begin MonoManager ReloadAssembly
Native extension for WindowsStandalone target not found
Refreshing native plugins compatible for Editor in 0.49 ms, found 2 plugins.
Preloading 0 native plugins for Editor in 0.00 ms.
Mono: successfully reloaded assembly
- Completed reload, in  1.250 seconds
Platform modules already initialized, skipping
Refreshing native plugins compatible for Editor in 0.38 ms, found 2 plugins.
Preloading 0 native plugins for Editor in 0.00 ms.
Unloading 1402 Unused Serialized files (Serialized files now loaded: 0)
System memory in use before: 71.8 MB.
System memory in use after: 71.9 MB.

Unloading 14 unused Assets to reduce memory usage. Loaded Objects now: 1860.
Total: 2.272100 ms (FindLiveObjects: 0.202600 ms CreateObjectMapping: 0.048000 ms MarkObjects: 1.924300 ms  DeleteObjects: 0.096300 ms)

AssetImportParameters requested are different than current active one (requested -> active):
  custom:framework-win-MediaFoundation: 216162199b28c13a410421893ffa2e32 -> 
  custom:video-decoder-ogg-theora: a1e56fd34408186e4bbccfd4996cb3dc -> 
  custom:container-muxer-webm: aa71ff27fc2769a1b78a27578f13a17b -> 
  custom:container-demuxer-webm: 4f35f7cbe854078d1ac9338744f61a02 -> 
  custom:container-demuxer-ogg: 62fdf1f143b41e24485cea50d1cbac27 -> 
  custom:video-encoder-webm-vp8: eb34c28f22e8b96e1ab97ce403110664 -> 
  custom:video-decoder-webm-vp8: 9c59270c3fd7afecdb556c50c9e8de78 -> 
  custom:audio-decoder-ogg-vorbis: bf7c407c2cedff20999df2af8eb42d56 -> 
  custom:audio-encoder-webm-vorbis: bf7c407c2cedff20999df2af8eb42d56 -> 
========================================================================
Received Prepare
Registering precompiled user dll's ...
Registered in 0.006999 seconds.
Begin MonoManager ReloadAssembly
Native extension for WindowsStandalone target not found
Refreshing native plugins compatible for Editor in 0.37 ms, found 2 plugins.
Preloading 0 native plugins for Editor in 0.00 ms.
Mono: successfully reloaded assembly
- Completed reload, in  1.198 seconds
Platform modules already initialized, skipping
Refreshing native plugins compatible for Editor in 0.38 ms, found 2 plugins.
Preloading 0 native plugins for Editor in 0.00 ms.
Unloading 1402 Unused Serialized files (Serialized files now loaded: 0)
System memory in use before: 71.9 MB.
System memory in use after: 71.9 MB.

Unloading 14 unused Assets to reduce memory usage. Loaded Objects now: 1863.
Total: 3.386500 ms (FindLiveObjects: 0.196700 ms CreateObjectMapping: 0.087200 ms MarkObjects: 2.991100 ms  DeleteObjects: 0.109900 ms)

AssetImportParameters requested are different than current active one (requested -> active):
  custom:framework-win-MediaFoundation: 216162199b28c13a410421893ffa2e32 -> 
  custom:video-decoder-ogg-theora: a1e56fd34408186e4bbccfd4996cb3dc -> 
  custom:container-muxer-webm: aa71ff27fc2769a1b78a27578f13a17b -> 
  custom:container-demuxer-webm: 4f35f7cbe854078d1ac9338744f61a02 -> 
  custom:container-demuxer-ogg: 62fdf1f143b41e24485cea50d1cbac27 -> 
  custom:video-encoder-webm-vp8: eb34c28f22e8b96e1ab97ce403110664 -> 
  custom:video-decoder-webm-vp8: 9c59270c3fd7afecdb556c50c9e8de78 -> 
  custom:audio-decoder-ogg-vorbis: bf7c407c2cedff20999df2af8eb42d56 -> 
  custom:audio-encoder-webm-vorbis: bf7c407c2cedff20999df2af8eb42d56 -> 
========================================================================
Received Prepare
Registering precompiled user dll's ...
Registered in 0.003433 seconds.
Begin MonoManager ReloadAssembly
Native extension for WindowsStandalone target not found
Refreshing native plugins compatible for Editor in 0.36 ms, found 2 plugins.
Preloading 0 native plugins for Editor in 0.00 ms.
Mono: successfully reloaded assembly
- Completed reload, in  1.171 seconds
Platform modules already initialized, skipping
Refreshing native plugins compatible for Editor in 0.40 ms, found 2 plugins.
Preloading 0 native plugins for Editor in 0.00 ms.
Unloading 1402 Unused Serialized files (Serialized files now loaded: 0)
System memory in use before: 71.9 MB.
System memory in use after: 71.9 MB.

Unloading 14 unused Assets to reduce memory usage. Loaded Objects now: 1866.
Total: 2.732800 ms (FindLiveObjects: 0.228000 ms CreateObjectMapping: 0.049800 ms MarkObjects: 2.335000 ms  DeleteObjects: 0.119300 ms)

AssetImportParameters requested are different than current active one (requested -> active):
  custom:framework-win-MediaFoundation: 216162199b28c13a410421893ffa2e32 -> 
  custom:video-decoder-ogg-theora: a1e56fd34408186e4bbccfd4996cb3dc -> 
  custom:container-muxer-webm: aa71ff27fc2769a1b78a27578f13a17b -> 
  custom:container-demuxer-webm: 4f35f7cbe854078d1ac9338744f61a02 -> 
  custom:container-demuxer-ogg: 62fdf1f143b41e24485cea50d1cbac27 -> 
  custom:video-encoder-webm-vp8: eb34c28f22e8b96e1ab97ce403110664 -> 
  custom:video-decoder-webm-vp8: 9c59270c3fd7afecdb556c50c9e8de78 -> 
  custom:audio-decoder-ogg-vorbis: bf7c407c2cedff20999df2af8eb42d56 -> 
  custom:audio-encoder-webm-vorbis: bf7c407c2cedff20999df2af8eb42d56 -> 
========================================================================
Received Import Request.
  Time since last request: 642.618037 seconds.
  path: Assets/Workshop/Audio
  artifactKey: Guid(a703de514eb12ac4dbf48d87b83e9cf7) Importer(815301076,1909f56bfc062723c751e8b465ee728b)
Start importing Assets/Workshop/Audio using Guid(a703de514eb12ac4dbf48d87b83e9cf7) Importer(815301076,1909f56bfc062723c751e8b465ee728b)  -> (artifact id: '5bdbeddb886992c9a403f6a64fe5cfa7') in 0.008870 seconds 
  Import took 0.011853 seconds .

========================================================================
Received Import Request.
  Time since last request: 0.002594 seconds.
  path: Assets/Workshop/Audio
  artifactKey: Guid(a703de514eb12ac4dbf48d87b83e9cf7) Importer(815301076,1909f56bfc062723c751e8b465ee728b)
Start importing Assets/Workshop/Audio using Guid(a703de514eb12ac4dbf48d87b83e9cf7) Importer(815301076,1909f56bfc062723c751e8b465ee728b)  -> (artifact id: '5bdbeddb886992c9a403f6a64fe5cfa7') in 0.003449 seconds 
  Import took 0.006749 seconds .

========================================================================
Received Import Request.
  Time since last request: 4.271086 seconds.
  path: Assets/Workshop/etc
  artifactKey: Guid(c3def91db664ba341b97d55520c4778d) Importer(815301076,1909f56bfc062723c751e8b465ee728b)
Start importing Assets/Workshop/etc using Guid(c3def91db664ba341b97d55520c4778d) Importer(815301076,1909f56bfc062723c751e8b465ee728b)  -> (artifact id: '3accf41f4f12c719d7bc2aa743acdb7c') in 0.014781 seconds 
  Import took 0.018184 seconds .

========================================================================
Received Import Request.
  Time since last request: 19.810832 seconds.
  path: Assets/frag_grenade_dm51a1/scene.unity
  artifactKey: Guid(cd09632743331b347b6d06a0eb2ea5b1) Importer(815301076,1909f56bfc062723c751e8b465ee728b)
Start importing Assets/frag_grenade_dm51a1/scene.unity using Guid(cd09632743331b347b6d06a0eb2ea5b1) Importer(815301076,1909f56bfc062723c751e8b465ee728b)  -> (artifact id: '996ef60c55e538d935dce6a643d3f36a') in 0.018211 seconds 
  Import took 0.021094 seconds .

========================================================================
Received Import Request.
  Time since last request: 0.358620 seconds.
  path: Assets/frag_grenade_dm51a1/prefab
  artifactKey: Guid(a0d8e0eb4df55de449460e31c7571539) Importer(815301076,1909f56bfc062723c751e8b465ee728b)
Start importing Assets/frag_grenade_dm51a1/prefab using Guid(a0d8e0eb4df55de449460e31c7571539) Importer(815301076,1909f56bfc062723c751e8b465ee728b)  -> (artifact id: '5de70feb5d1a20cef4f02d4c5ed0de3e') in 0.008363 seconds 
  Import took 0.011360 seconds .

========================================================================
Received Import Request.
  Time since last request: 0.783676 seconds.
  path: Assets/frag_grenade_dm51a1/prefab/DM51A1.prefab
  artifactKey: Guid(e889f3b0fa9bf2e4b87b0bd49cd501f8) Importer(815301076,1909f56bfc062723c751e8b465ee728b)
Start importing Assets/frag_grenade_dm51a1/prefab/DM51A1.prefab using Guid(e889f3b0fa9bf2e4b87b0bd49cd501f8) Importer(815301076,1909f56bfc062723c751e8b465ee728b)  -> (artifact id: 'c4741d935bfce49a8715e736a11850bf') in 0.305356 seconds 
  Import took 0.307989 seconds .

========================================================================
Received Prepare
Registering precompiled user dll's ...
Registered in 0.005128 seconds.
Begin MonoManager ReloadAssembly
Native extension for WindowsStandalone target not found
Refreshing native plugins compatible for Editor in 0.34 ms, found 2 plugins.
Preloading 0 native plugins for Editor in 0.00 ms.
Mono: successfully reloaded assembly
- Completed reload, in  1.203 seconds
Platform modules already initialized, skipping
Refreshing native plugins compatible for Editor in 0.39 ms, found 2 plugins.
Preloading 0 native plugins for Editor in 0.00 ms.
Unloading 1402 Unused Serialized files (Serialized files now loaded: 0)
System memory in use before: 72.7 MB.
System memory in use after: 72.7 MB.

Unloading 14 unused Assets to reduce memory usage. Loaded Objects now: 1871.
Total: 2.373600 ms (FindLiveObjects: 0.171700 ms CreateObjectMapping: 0.059700 ms MarkObjects: 2.063400 ms  DeleteObjects: 0.077200 ms)

AssetImportParameters requested are different than current active one (requested -> active):
  custom:framework-win-MediaFoundation: 216162199b28c13a410421893ffa2e32 -> 
  custom:video-decoder-ogg-theora: a1e56fd34408186e4bbccfd4996cb3dc -> 
  custom:container-muxer-webm: aa71ff27fc2769a1b78a27578f13a17b -> 
  custom:container-demuxer-webm: 4f35f7cbe854078d1ac9338744f61a02 -> 
  custom:container-demuxer-ogg: 62fdf1f143b41e24485cea50d1cbac27 -> 
  custom:video-encoder-webm-vp8: eb34c28f22e8b96e1ab97ce403110664 -> 
  custom:video-decoder-webm-vp8: 9c59270c3fd7afecdb556c50c9e8de78 -> 
  custom:audio-decoder-ogg-vorbis: bf7c407c2cedff20999df2af8eb42d56 -> 
  custom:audio-encoder-webm-vorbis: bf7c407c2cedff20999df2af8eb42d56 -> 
========================================================================
Received Prepare
Registering precompiled user dll's ...
Registered in 0.003826 seconds.
Begin MonoManager ReloadAssembly
Native extension for WindowsStandalone target not found
Refreshing native plugins compatible for Editor in 0.38 ms, found 2 plugins.
Preloading 0 native plugins for Editor in 0.00 ms.
Mono: successfully reloaded assembly
- Completed reload, in  1.063 seconds
Platform modules already initialized, skipping
Refreshing native plugins compatible for Editor in 0.41 ms, found 2 plugins.
Preloading 0 native plugins for Editor in 0.00 ms.
Unloading 1402 Unused Serialized files (Serialized files now loaded: 0)
System memory in use before: 72.7 MB.
System memory in use after: 72.7 MB.

Unloading 14 unused Assets to reduce memory usage. Loaded Objects now: 1874.
Total: 2.173200 ms (FindLiveObjects: 0.263100 ms CreateObjectMapping: 0.051800 ms MarkObjects: 1.745500 ms  DeleteObjects: 0.111900 ms)

AssetImportParameters requested are different than current active one (requested -> active):
  custom:framework-win-MediaFoundation: 216162199b28c13a410421893ffa2e32 -> 
  custom:video-decoder-ogg-theora: a1e56fd34408186e4bbccfd4996cb3dc -> 
  custom:container-muxer-webm: aa71ff27fc2769a1b78a27578f13a17b -> 
  custom:container-demuxer-webm: 4f35f7cbe854078d1ac9338744f61a02 -> 
  custom:container-demuxer-ogg: 62fdf1f143b41e24485cea50d1cbac27 -> 
  custom:video-encoder-webm-vp8: eb34c28f22e8b96e1ab97ce403110664 -> 
  custom:video-decoder-webm-vp8: 9c59270c3fd7afecdb556c50c9e8de78 -> 
  custom:audio-decoder-ogg-vorbis: bf7c407c2cedff20999df2af8eb42d56 -> 
  custom:audio-encoder-webm-vorbis: bf7c407c2cedff20999df2af8eb42d56 -> 
AssetImportWorkerClient::OnTransportError - code=2 error=End of file
